This is pdfTeX, Version 3.141592653-2.6-1.40.26 (MiKTeX 24.4) (preloaded format=pdflatex 2024.9.22)  25 SEP 2024 21:57
entering extended mode
 restricted \write18 enabled.
 file:line:error style messages enabled.
 %&-line parsing enabled.
**"/home/andrea/Desktop/POLI/GAL/Appunti GAL/gal.tex"
(/home/andrea/Desktop/POLI/GAL/Appunti GAL/gal.tex
LaTeX2e <2024-06-01> patch level 2
L3 programming layer <2024-08-30>
(/home/andrea/.miktex/texmfs/install/tex/latex/base/article.cls
Document Class: article 2024/02/08 v1.4n Standard LaTeX document class
(/home/andrea/.miktex/texmfs/install/tex/latex/base/size10.clo
File: size10.clo 2024/02/08 v1.4n Standard LaTeX file (size option)
)
\c@part=\count194
\c@section=\count195
\c@subsection=\count196
\c@subsubsection=\count197
\c@paragraph=\count198
\c@subparagraph=\count199
\c@figure=\count266
\c@table=\count267
\abovecaptionskip=\skip49
\belowcaptionskip=\skip50
\bibindent=\dimen141
) (/home/andrea/.miktex/texmfs/install/tex/latex/pgf/frontendlayer/tikz.sty (/home/andrea/.miktex/texmfs/install/tex/latex/pgf/basiclayer/pgf.sty (/home/andrea/.miktex/texmfs/install/tex/latex/pgf/utilities/pgfrcs.sty (/home/andrea/.miktex/texmfs/install/tex/generic/pgf/utilities/pgfutil-common.tex
\pgfutil@everybye=\toks17
\pgfutil@tempdima=\dimen142
\pgfutil@tempdimb=\dimen143
) (/home/andrea/.miktex/texmfs/install/tex/generic/pgf/utilities/pgfutil-latex.def
\pgfutil@abb=\box52
) (/home/andrea/.miktex/texmfs/install/tex/generic/pgf/utilities/pgfrcs.code.tex (/home/andrea/.miktex/texmfs/install/tex/generic/pgf/pgf.revision.tex)
Package: pgfrcs 2023-01-15 v3.1.10 (3.1.10)
))
Package: pgf 2023-01-15 v3.1.10 (3.1.10)
 (/home/andrea/.miktex/texmfs/install/tex/latex/pgf/basiclayer/pgfcore.sty (/home/andrea/.miktex/texmfs/install/tex/latex/graphics/graphicx.sty
Package: graphicx 2021/09/16 v1.2d Enhanced LaTeX Graphics (DPC,SPQR)
 (/home/andrea/.miktex/texmfs/install/tex/latex/graphics/keyval.sty
Package: keyval 2022/05/29 v1.15 key=value parser (DPC)
\KV@toks@=\toks18
) (/home/andrea/.miktex/texmfs/install/tex/latex/graphics/graphics.sty
Package: graphics 2024/05/23 v1.4g Standard LaTeX Graphics (DPC,SPQR)
 (/home/andrea/.miktex/texmfs/install/tex/latex/graphics/trig.sty
Package: trig 2023/12/02 v1.11 sin cos tan (DPC)
) (/home/andrea/.miktex/texmfs/install/tex/latex/graphics-cfg/graphics.cfg
File: graphics.cfg 2016/06/04 v1.11 sample graphics configuration
)
Package graphics Info: Driver file: pdftex.def on input line 106.
 (/home/andrea/.miktex/texmfs/install/tex/latex/graphics-def/pdftex.def
File: pdftex.def 2024/04/13 v1.2c Graphics/color driver for pdftex
))
\Gin@req@height=\dimen144
\Gin@req@width=\dimen145
) (/home/andrea/.miktex/texmfs/install/tex/latex/pgf/systemlayer/pgfsys.sty (/home/andrea/.miktex/texmfs/install/tex/generic/pgf/systemlayer/pgfsys.code.tex
Package: pgfsys 2023-01-15 v3.1.10 (3.1.10)
 (/home/andrea/.miktex/texmfs/install/tex/generic/pgf/utilities/pgfkeys.code.tex
\pgfkeys@pathtoks=\toks19
\pgfkeys@temptoks=\toks20
 (/home/andrea/.miktex/texmfs/install/tex/generic/pgf/utilities/pgfkeyslibraryfiltered.code.tex
\pgfkeys@tmptoks=\toks21
))
\pgf@x=\dimen146
\pgf@y=\dimen147
\pgf@xa=\dimen148
\pgf@ya=\dimen149
\pgf@xb=\dimen150
\pgf@yb=\dimen151
\pgf@xc=\dimen152
\pgf@yc=\dimen153
\pgf@xd=\dimen154
\pgf@yd=\dimen155
\w@pgf@writea=\write3
\r@pgf@reada=\read2
\c@pgf@counta=\count268
\c@pgf@countb=\count269
\c@pgf@countc=\count270
\c@pgf@countd=\count271
\t@pgf@toka=\toks22
\t@pgf@tokb=\toks23
\t@pgf@tokc=\toks24
\pgf@sys@id@count=\count272
 (/home/andrea/.miktex/texmfs/install/tex/generic/pgf/systemlayer/pgf.cfg
File: pgf.cfg 2023-01-15 v3.1.10 (3.1.10)
)
Driver file for pgf: pgfsys-pdftex.def
 (/home/andrea/.miktex/texmfs/install/tex/generic/pgf/systemlayer/pgfsys-pdftex.def
File: pgfsys-pdftex.def 2023-01-15 v3.1.10 (3.1.10)
 (/home/andrea/.miktex/texmfs/install/tex/generic/pgf/systemlayer/pgfsys-common-pdf.def
File: pgfsys-common-pdf.def 2023-01-15 v3.1.10 (3.1.10)
))) (/home/andrea/.miktex/texmfs/install/tex/generic/pgf/systemlayer/pgfsyssoftpath.code.tex
File: pgfsyssoftpath.code.tex 2023-01-15 v3.1.10 (3.1.10)
\pgfsyssoftpath@smallbuffer@items=\count273
\pgfsyssoftpath@bigbuffer@items=\count274
) (/home/andrea/.miktex/texmfs/install/tex/generic/pgf/systemlayer/pgfsysprotocol.code.tex
File: pgfsysprotocol.code.tex 2023-01-15 v3.1.10 (3.1.10)
)) (/home/andrea/.miktex/texmfs/install/tex/latex/xcolor/xcolor.sty
Package: xcolor 2023/11/15 v3.01 LaTeX color extensions (UK)
 (/home/andrea/.miktex/texmfs/install/tex/latex/graphics-cfg/color.cfg
File: color.cfg 2016/01/02 v1.6 sample color configuration
)
Package xcolor Info: Driver file: pdftex.def on input line 274.
 (/home/andrea/.miktex/texmfs/install/tex/latex/graphics/mathcolor.ltx)
Package xcolor Info: Model `cmy' substituted by `cmy0' on input line 1350.
Package xcolor Info: Model `hsb' substituted by `rgb' on input line 1354.
Package xcolor Info: Model `RGB' extended on input line 1366.
Package xcolor Info: Model `HTML' substituted by `rgb' on input line 1368.
Package xcolor Info: Model `Hsb' substituted by `hsb' on input line 1369.
Package xcolor Info: Model `tHsb' substituted by `hsb' on input line 1370.
Package xcolor Info: Model `HSB' substituted by `hsb' on input line 1371.
Package xcolor Info: Model `Gray' substituted by `gray' on input line 1372.
Package xcolor Info: Model `wave' substituted by `hsb' on input line 1373.
) (/home/andrea/.miktex/texmfs/install/tex/generic/pgf/basiclayer/pgfcore.code.tex
Package: pgfcore 2023-01-15 v3.1.10 (3.1.10)
 (/home/andrea/.miktex/texmfs/install/tex/generic/pgf/math/pgfmath.code.tex (/home/andrea/.miktex/texmfs/install/tex/generic/pgf/math/pgfmathutil.code.tex) (/home/andrea/.miktex/texmfs/install/tex/generic/pgf/math/pgfmathparser.code.tex
\pgfmath@dimen=\dimen156
\pgfmath@count=\count275
\pgfmath@box=\box53
\pgfmath@toks=\toks25
\pgfmath@stack@operand=\toks26
\pgfmath@stack@operation=\toks27
) (/home/andrea/.miktex/texmfs/install/tex/generic/pgf/math/pgfmathfunctions.code.tex) (/home/andrea/.miktex/texmfs/install/tex/generic/pgf/math/pgfmathfunctions.basic.code.tex) (/home/andrea/.miktex/texmfs/install/tex/generic/pgf/math/pgfmathfunctions.trigonometric.code.tex) (/home/andrea/.miktex/texmfs/install/tex/generic/pgf/math/pgfmathfunctions.random.code.tex) (/home/andrea/.miktex/texmfs/install/tex/generic/pgf/math/pgfmathfunctions.comparison.code.tex) (/home/andrea/.miktex/texmfs/install/tex/generic/pgf/math/pgfmathfunctions.base.code.tex) (/home/andrea/.miktex/texmfs/install/tex/generic/pgf/math/pgfmathfunctions.round.code.tex) (/home/andrea/.miktex/texmfs/install/tex/generic/pgf/math/pgfmathfunctions.misc.code.tex) (/home/andrea/.miktex/texmfs/install/tex/generic/pgf/math/pgfmathfunctions.integerarithmetics.code.tex) (/home/andrea/.miktex/texmfs/install/tex/generic/pgf/math/pgfmathcalc.code.tex) (/home/andrea/.miktex/texmfs/install/tex/generic/pgf/math/pgfmathfloat.code.tex
\c@pgfmathroundto@lastzeros=\count276
)) (/home/andrea/.miktex/texmfs/install/tex/generic/pgf/math/pgfint.code.tex) (/home/andrea/.miktex/texmfs/install/tex/generic/pgf/basiclayer/pgfcorepoints.code.tex
File: pgfcorepoints.code.tex 2023-01-15 v3.1.10 (3.1.10)
\pgf@picminx=\dimen157
\pgf@picmaxx=\dimen158
\pgf@picminy=\dimen159
\pgf@picmaxy=\dimen160
\pgf@pathminx=\dimen161
\pgf@pathmaxx=\dimen162
\pgf@pathminy=\dimen163
\pgf@pathmaxy=\dimen164
\pgf@xx=\dimen165
\pgf@xy=\dimen166
\pgf@yx=\dimen167
\pgf@yy=\dimen168
\pgf@zx=\dimen169
\pgf@zy=\dimen170
) (/home/andrea/.miktex/texmfs/install/tex/generic/pgf/basiclayer/pgfcorepathconstruct.code.tex
File: pgfcorepathconstruct.code.tex 2023-01-15 v3.1.10 (3.1.10)
\pgf@path@lastx=\dimen171
\pgf@path@lasty=\dimen172
) (/home/andrea/.miktex/texmfs/install/tex/generic/pgf/basiclayer/pgfcorepathusage.code.tex
File: pgfcorepathusage.code.tex 2023-01-15 v3.1.10 (3.1.10)
\pgf@shorten@end@additional=\dimen173
\pgf@shorten@start@additional=\dimen174
) (/home/andrea/.miktex/texmfs/install/tex/generic/pgf/basiclayer/pgfcorescopes.code.tex
File: pgfcorescopes.code.tex 2023-01-15 v3.1.10 (3.1.10)
\pgfpic=\box54
\pgf@hbox=\box55
\pgf@layerbox@main=\box56
\pgf@picture@serial@count=\count277
) (/home/andrea/.miktex/texmfs/install/tex/generic/pgf/basiclayer/pgfcoregraphicstate.code.tex
File: pgfcoregraphicstate.code.tex 2023-01-15 v3.1.10 (3.1.10)
\pgflinewidth=\dimen175
) (/home/andrea/.miktex/texmfs/install/tex/generic/pgf/basiclayer/pgfcoretransformations.code.tex
File: pgfcoretransformations.code.tex 2023-01-15 v3.1.10 (3.1.10)
\pgf@pt@x=\dimen176
\pgf@pt@y=\dimen177
\pgf@pt@temp=\dimen178
) (/home/andrea/.miktex/texmfs/install/tex/generic/pgf/basiclayer/pgfcorequick.code.tex
File: pgfcorequick.code.tex 2023-01-15 v3.1.10 (3.1.10)
) (/home/andrea/.miktex/texmfs/install/tex/generic/pgf/basiclayer/pgfcoreobjects.code.tex
File: pgfcoreobjects.code.tex 2023-01-15 v3.1.10 (3.1.10)
) (/home/andrea/.miktex/texmfs/install/tex/generic/pgf/basiclayer/pgfcorepathprocessing.code.tex
File: pgfcorepathprocessing.code.tex 2023-01-15 v3.1.10 (3.1.10)
) (/home/andrea/.miktex/texmfs/install/tex/generic/pgf/basiclayer/pgfcorearrows.code.tex
File: pgfcorearrows.code.tex 2023-01-15 v3.1.10 (3.1.10)
\pgfarrowsep=\dimen179
) (/home/andrea/.miktex/texmfs/install/tex/generic/pgf/basiclayer/pgfcoreshade.code.tex
File: pgfcoreshade.code.tex 2023-01-15 v3.1.10 (3.1.10)
\pgf@max=\dimen180
\pgf@sys@shading@range@num=\count278
\pgf@shadingcount=\count279
) (/home/andrea/.miktex/texmfs/install/tex/generic/pgf/basiclayer/pgfcoreimage.code.tex
File: pgfcoreimage.code.tex 2023-01-15 v3.1.10 (3.1.10)
) (/home/andrea/.miktex/texmfs/install/tex/generic/pgf/basiclayer/pgfcoreexternal.code.tex
File: pgfcoreexternal.code.tex 2023-01-15 v3.1.10 (3.1.10)
\pgfexternal@startupbox=\box57
) (/home/andrea/.miktex/texmfs/install/tex/generic/pgf/basiclayer/pgfcorelayers.code.tex
File: pgfcorelayers.code.tex 2023-01-15 v3.1.10 (3.1.10)
) (/home/andrea/.miktex/texmfs/install/tex/generic/pgf/basiclayer/pgfcoretransparency.code.tex
File: pgfcoretransparency.code.tex 2023-01-15 v3.1.10 (3.1.10)
) (/home/andrea/.miktex/texmfs/install/tex/generic/pgf/basiclayer/pgfcorepatterns.code.tex
File: pgfcorepatterns.code.tex 2023-01-15 v3.1.10 (3.1.10)
) (/home/andrea/.miktex/texmfs/install/tex/generic/pgf/basiclayer/pgfcorerdf.code.tex
File: pgfcorerdf.code.tex 2023-01-15 v3.1.10 (3.1.10)
))) (/home/andrea/.miktex/texmfs/install/tex/generic/pgf/modules/pgfmoduleshapes.code.tex
File: pgfmoduleshapes.code.tex 2023-01-15 v3.1.10 (3.1.10)
\pgfnodeparttextbox=\box58
) (/home/andrea/.miktex/texmfs/install/tex/generic/pgf/modules/pgfmoduleplot.code.tex
File: pgfmoduleplot.code.tex 2023-01-15 v3.1.10 (3.1.10)
) (/home/andrea/.miktex/texmfs/install/tex/latex/pgf/compatibility/pgfcomp-version-0-65.sty
Package: pgfcomp-version-0-65 2023-01-15 v3.1.10 (3.1.10)
\pgf@nodesepstart=\dimen181
\pgf@nodesepend=\dimen182
) (/home/andrea/.miktex/texmfs/install/tex/latex/pgf/compatibility/pgfcomp-version-1-18.sty
Package: pgfcomp-version-1-18 2023-01-15 v3.1.10 (3.1.10)
)) (/home/andrea/.miktex/texmfs/install/tex/latex/pgf/utilities/pgffor.sty (/home/andrea/.miktex/texmfs/install/tex/latex/pgf/utilities/pgfkeys.sty (/home/andrea/.miktex/texmfs/install/tex/generic/pgf/utilities/pgfkeys.code.tex)) (/home/andrea/.miktex/texmfs/install/tex/latex/pgf/math/pgfmath.sty (/home/andrea/.miktex/texmfs/install/tex/generic/pgf/math/pgfmath.code.tex)) (/home/andrea/.miktex/texmfs/install/tex/generic/pgf/utilities/pgffor.code.tex
Package: pgffor 2023-01-15 v3.1.10 (3.1.10)
\pgffor@iter=\dimen183
\pgffor@skip=\dimen184
\pgffor@stack=\toks28
\pgffor@toks=\toks29
)) (/home/andrea/.miktex/texmfs/install/tex/generic/pgf/frontendlayer/tikz/tikz.code.tex
Package: tikz 2023-01-15 v3.1.10 (3.1.10)
 (/home/andrea/.miktex/texmfs/install/tex/generic/pgf/libraries/pgflibraryplothandlers.code.tex
File: pgflibraryplothandlers.code.tex 2023-01-15 v3.1.10 (3.1.10)
\pgf@plot@mark@count=\count280
\pgfplotmarksize=\dimen185
)
\tikz@lastx=\dimen186
\tikz@lasty=\dimen187
\tikz@lastxsaved=\dimen188
\tikz@lastysaved=\dimen189
\tikz@lastmovetox=\dimen190
\tikz@lastmovetoy=\dimen191
\tikzleveldistance=\dimen192
\tikzsiblingdistance=\dimen193
\tikz@figbox=\box59
\tikz@figbox@bg=\box60
\tikz@tempbox=\box61
\tikz@tempbox@bg=\box62
\tikztreelevel=\count281
\tikznumberofchildren=\count282
\tikznumberofcurrentchild=\count283
\tikz@fig@count=\count284
 (/home/andrea/.miktex/texmfs/install/tex/generic/pgf/modules/pgfmodulematrix.code.tex
File: pgfmodulematrix.code.tex 2023-01-15 v3.1.10 (3.1.10)
\pgfmatrixcurrentrow=\count285
\pgfmatrixcurrentcolumn=\count286
\pgf@matrix@numberofcolumns=\count287
)
\tikz@expandcount=\count288
 (/home/andrea/.miktex/texmfs/install/tex/generic/pgf/frontendlayer/tikz/libraries/tikzlibrarytopaths.code.tex
File: tikzlibrarytopaths.code.tex 2023-01-15 v3.1.10 (3.1.10)
))) (/home/andrea/.miktex/texmfs/install/tex/latex/pgfplots/pgfplots.sty (/home/andrea/.miktex/texmfs/install/tex/generic/pgfplots/pgfplots.revision.tex)
Package: pgfplots 2021/05/15 v1.18.1 Data Visualization (1.18.1)
 (/home/andrea/.miktex/texmfs/install/tex/generic/pgfplots/pgfplots.code.tex (/home/andrea/.miktex/texmfs/install/tex/generic/pgfplots/pgfplotscore.code.tex
\t@pgfplots@toka=\toks30
\t@pgfplots@tokb=\toks31
\t@pgfplots@tokc=\toks32
\pgfplots@tmpa=\dimen194
\c@pgfplots@coordindex=\count289
\c@pgfplots@scanlineindex=\count290
 (/home/andrea/.miktex/texmfs/install/tex/generic/pgfplots/sys/pgfplotssysgeneric.code.tex)) (/home/andrea/.miktex/texmfs/install/tex/generic/pgfplots/libs/pgfplotslibrary.code.tex) (/home/andrea/.miktex/texmfs/install/tex/generic/pgfplots/oldpgfcompatib/pgfplotsoldpgfsupp_loader.code.tex (/home/andrea/.miktex/texmfs/install/tex/generic/pgf/libraries/pgflibraryfpu.code.tex)
Package pgfplots: loading complementary utilities for your pgf version...
\t@pgf@toka=\toks33
\t@pgf@tokb=\toks34
\t@pgf@tokc=\toks35
(/home/andrea/.miktex/texmfs/install/tex/generic/pgfplots/oldpgfcompatib/pgfplotsoldpgfsupp_pgfutil-common-lists.tex)) (/home/andrea/.miktex/texmfs/install/tex/generic/pgfplots/util/pgfplotsutil.code.tex (/home/andrea/.miktex/texmfs/install/tex/generic/pgfplots/liststructure/pgfplotsliststructure.code.tex) (/home/andrea/.miktex/texmfs/install/tex/generic/pgfplots/liststructure/pgfplotsliststructureext.code.tex) (/home/andrea/.miktex/texmfs/install/tex/generic/pgfplots/liststructure/pgfplotsarray.code.tex
\c@pgfplotsarray@tmp=\count291
) (/home/andrea/.miktex/texmfs/install/tex/generic/pgfplots/liststructure/pgfplotsmatrix.code.tex) (/home/andrea/.miktex/texmfs/install/tex/generic/pgfplots/numtable/pgfplotstableshared.code.tex
\c@pgfplotstable@counta=\count292
\t@pgfplotstable@a=\toks36
) (/home/andrea/.miktex/texmfs/install/tex/generic/pgfplots/liststructure/pgfplotsdeque.code.tex) (/home/andrea/.miktex/texmfs/install/tex/generic/pgfplots/util/pgfplotsbinary.code.tex (/home/andrea/.miktex/texmfs/install/tex/generic/pgfplots/util/pgfplotsbinary.data.code.tex)) (/home/andrea/.miktex/texmfs/install/tex/generic/pgfplots/util/pgfplotsutil.verb.code.tex) (/home/andrea/.miktex/texmfs/install/tex/generic/pgfplots/libs/pgflibrarypgfplots.surfshading.code.tex
\c@pgfplotslibrarysurf@no=\count293
 (/home/andrea/.miktex/texmfs/install/tex/generic/pgfplots/sys/pgflibrarypgfplots.surfshading.pgfsys-pdftex.def))) (/home/andrea/.miktex/texmfs/install/tex/generic/pgfplots/util/pgfplotscolormap.code.tex (/home/andrea/.miktex/texmfs/install/tex/generic/pgfplots/util/pgfplotscolor.code.tex)) (/home/andrea/.miktex/texmfs/install/tex/generic/pgfplots/pgfplotsstackedplots.code.tex) (/home/andrea/.miktex/texmfs/install/tex/generic/pgfplots/pgfplotsplothandlers.code.tex (/home/andrea/.miktex/texmfs/install/tex/generic/pgfplots/pgfplotsmeshplothandler.code.tex (/home/andrea/.miktex/texmfs/install/tex/generic/pgfplots/pgfplotsmeshplotimage.code.tex))) (/home/andrea/.miktex/texmfs/install/tex/generic/pgfplots/pgfplots.scaling.code.tex) (/home/andrea/.miktex/texmfs/install/tex/generic/pgfplots/pgfplotscoordprocessing.code.tex) (/home/andrea/.miktex/texmfs/install/tex/generic/pgfplots/pgfplots.errorbars.code.tex) (/home/andrea/.miktex/texmfs/install/tex/generic/pgfplots/pgfplots.markers.code.tex) (/home/andrea/.miktex/texmfs/install/tex/generic/pgfplots/pgfplotsticks.code.tex) (/home/andrea/.miktex/texmfs/install/tex/generic/pgfplots/pgfplots.paths.code.tex) (/home/andrea/.miktex/texmfs/install/tex/generic/pgf/frontendlayer/tikz/libraries/tikzlibrarydecorations.code.tex (/home/andrea/.miktex/texmfs/install/tex/generic/pgf/modules/pgfmoduledecorations.code.tex
\pgfdecoratedcompleteddistance=\dimen195
\pgfdecoratedremainingdistance=\dimen196
\pgfdecoratedinputsegmentcompleteddistance=\dimen197
\pgfdecoratedinputsegmentremainingdistance=\dimen198
\pgf@decorate@distancetomove=\dimen199
\pgf@decorate@repeatstate=\count294
\pgfdecorationsegmentamplitude=\dimen256
\pgfdecorationsegmentlength=\dimen257
)
\tikz@lib@dec@box=\box63
) (/home/andrea/.miktex/texmfs/install/tex/generic/pgf/frontendlayer/tikz/libraries/tikzlibrarydecorations.pathmorphing.code.tex (/home/andrea/.miktex/texmfs/install/tex/generic/pgf/libraries/decorations/pgflibrarydecorations.pathmorphing.code.tex)) (/home/andrea/.miktex/texmfs/install/tex/generic/pgf/frontendlayer/tikz/libraries/tikzlibrarydecorations.pathreplacing.code.tex (/home/andrea/.miktex/texmfs/install/tex/generic/pgf/libraries/decorations/pgflibrarydecorations.pathreplacing.code.tex)) (/home/andrea/.miktex/texmfs/install/tex/generic/pgfplots/libs/tikzlibrarypgfplots.contourlua.code.tex)
\pgfplots@numplots=\count295
\pgfplots@xmin@reg=\dimen258
\pgfplots@xmax@reg=\dimen259
\pgfplots@ymin@reg=\dimen260
\pgfplots@ymax@reg=\dimen261
\pgfplots@zmin@reg=\dimen262
\pgfplots@zmax@reg=\dimen263
) (/home/andrea/.miktex/texmfs/install/tex/generic/pgf/frontendlayer/tikz/libraries/tikzlibraryplotmarks.code.tex
File: tikzlibraryplotmarks.code.tex 2023-01-15 v3.1.10 (3.1.10)
 (/home/andrea/.miktex/texmfs/install/tex/generic/pgf/libraries/pgflibraryplotmarks.code.tex
File: pgflibraryplotmarks.code.tex 2023-01-15 v3.1.10 (3.1.10)
))) (/home/andrea/.miktex/texmfs/install/tex/generic/pgf/frontendlayer/tikz/libraries/tikzlibrarypositioning.code.tex
File: tikzlibrarypositioning.code.tex 2023-01-15 v3.1.10 (3.1.10)
) (/home/andrea/.miktex/texmfs/install/tex/latex/base/inputenc.sty
Package: inputenc 2024/02/08 v1.3d Input encoding file
\inpenc@prehook=\toks37
\inpenc@posthook=\toks38
) (/home/andrea/.miktex/texmfs/install/tex/latex/tools/enumerate.sty
Package: enumerate 2023/07/04 v3.00 enumerate extensions (DPC)
\@enLab=\toks39
) (/home/andrea/.miktex/texmfs/install/tex/latex/amsfonts/amssymb.sty
Package: amssymb 2013/01/14 v3.01 AMS font symbols
 (/home/andrea/.miktex/texmfs/install/tex/latex/amsfonts/amsfonts.sty
Package: amsfonts 2013/01/14 v3.01 Basic AMSFonts support
\@emptytoks=\toks40
\symAMSa=\mathgroup4
\symAMSb=\mathgroup5
LaTeX Font Info:    Redeclaring math symbol \hbar on input line 98.
LaTeX Font Info:    Overwriting math alphabet `\mathfrak' in version `bold'
(Font)                  U/euf/m/n --> U/euf/b/n on input line 106.
)) (/home/andrea/.miktex/texmfs/install/tex/latex/amsmath/amsmath.sty
Package: amsmath 2024/05/23 v2.17q AMS math features
\@mathmargin=\skip51

For additional information on amsmath, use the `?' option.
(/home/andrea/.miktex/texmfs/install/tex/latex/amsmath/amstext.sty
Package: amstext 2021/08/26 v2.01 AMS text
 (/home/andrea/.miktex/texmfs/install/tex/latex/amsmath/amsgen.sty
File: amsgen.sty 1999/11/30 v2.0 generic functions
\@emptytoks=\toks41
\ex@=\dimen264
)) (/home/andrea/.miktex/texmfs/install/tex/latex/amsmath/amsbsy.sty
Package: amsbsy 1999/11/29 v1.2d Bold Symbols
\pmbraise@=\dimen265
) (/home/andrea/.miktex/texmfs/install/tex/latex/amsmath/amsopn.sty
Package: amsopn 2022/04/08 v2.04 operator names
)
\inf@bad=\count296
LaTeX Info: Redefining \frac on input line 233.
\uproot@=\count297
\leftroot@=\count298
LaTeX Info: Redefining \overline on input line 398.
LaTeX Info: Redefining \colon on input line 409.
\classnum@=\count299
\DOTSCASE@=\count300
LaTeX Info: Redefining \ldots on input line 495.
LaTeX Info: Redefining \dots on input line 498.
LaTeX Info: Redefining \cdots on input line 619.
\Mathstrutbox@=\box64
\strutbox@=\box65
LaTeX Info: Redefining \big on input line 721.
LaTeX Info: Redefining \Big on input line 722.
LaTeX Info: Redefining \bigg on input line 723.
LaTeX Info: Redefining \Bigg on input line 724.
\big@size=\dimen266
LaTeX Font Info:    Redeclaring font encoding OML on input line 742.
LaTeX Font Info:    Redeclaring font encoding OMS on input line 743.
\macc@depth=\count301
LaTeX Info: Redefining \bmod on input line 904.
LaTeX Info: Redefining \pmod on input line 909.
LaTeX Info: Redefining \smash on input line 939.
LaTeX Info: Redefining \relbar on input line 969.
LaTeX Info: Redefining \Relbar on input line 970.
\c@MaxMatrixCols=\count302
\dotsspace@=\muskip17
\c@parentequation=\count303
\dspbrk@lvl=\count304
\tag@help=\toks42
\row@=\count305
\column@=\count306
\maxfields@=\count307
\andhelp@=\toks43
\eqnshift@=\dimen267
\alignsep@=\dimen268
\tagshift@=\dimen269
\tagwidth@=\dimen270
\totwidth@=\dimen271
\lineht@=\dimen272
\@envbody=\toks44
\multlinegap=\skip52
\multlinetaggap=\skip53
\mathdisplay@stack=\toks45
LaTeX Info: Redefining \[ on input line 2953.
LaTeX Info: Redefining \] on input line 2954.
) (/home/andrea/.miktex/texmfs/install/tex/latex/l3backend/l3backend-pdftex.def
File: l3backend-pdftex.def 2024-05-08 L3 backend support: PDF output (pdfTeX)
\l__color_backend_stack_int=\count308
\l__pdf_internal_box=\box66
) (gal.aux)
\openout1 = `gal.aux'.

LaTeX Font Info:    Checking defaults for OML/cmm/m/it on input line 10.
LaTeX Font Info:    ... okay on input line 10.
LaTeX Font Info:    Checking defaults for OMS/cmsy/m/n on input line 10.
LaTeX Font Info:    ... okay on input line 10.
LaTeX Font Info:    Checking defaults for OT1/cmr/m/n on input line 10.
LaTeX Font Info:    ... okay on input line 10.
LaTeX Font Info:    Checking defaults for T1/cmr/m/n on input line 10.
LaTeX Font Info:    ... okay on input line 10.
LaTeX Font Info:    Checking defaults for TS1/cmr/m/n on input line 10.
LaTeX Font Info:    ... okay on input line 10.
LaTeX Font Info:    Checking defaults for OMX/cmex/m/n on input line 10.
LaTeX Font Info:    ... okay on input line 10.
LaTeX Font Info:    Checking defaults for U/cmr/m/n on input line 10.
LaTeX Font Info:    ... okay on input line 10.
 (/home/andrea/.miktex/texmfs/install/tex/context/base/mkii/supp-pdf.mkii
[Loading MPS to PDF converter (version 2006.09.02).]
\scratchcounter=\count309
\scratchdimen=\dimen273
\scratchbox=\box67
\nofMPsegments=\count310
\nofMParguments=\count311
\everyMPshowfont=\toks46
\MPscratchCnt=\count312
\MPscratchDim=\dimen274
\MPnumerator=\count313
\makeMPintoPDFobject=\count314
\everyMPtoPDFconversion=\toks47
) (/home/andrea/.miktex/texmfs/install/tex/latex/epstopdf-pkg/epstopdf-base.sty
Package: epstopdf-base 2020-01-24 v2.11 Base part for package epstopdf
 (/home/andrea/.miktex/texmfs/install/tex/generic/infwarerr/infwarerr.sty
Package: infwarerr 2019/12/03 v1.5 Providing info/warning/error messages (HO)
) (/home/andrea/.miktex/texmfs/install/tex/latex/grfext/grfext.sty
Package: grfext 2019/12/03 v1.3 Manage graphics extensions (HO)
 (/home/andrea/.miktex/texmfs/install/tex/generic/kvdefinekeys/kvdefinekeys.sty
Package: kvdefinekeys 2019-12-19 v1.6 Define keys (HO)
)) (/home/andrea/.miktex/texmfs/install/tex/latex/kvoptions/kvoptions.sty
Package: kvoptions 2022-06-15 v3.15 Key value format for package options (HO)
 (/home/andrea/.miktex/texmfs/install/tex/generic/ltxcmds/ltxcmds.sty
Package: ltxcmds 2023-12-04 v1.26 LaTeX kernel commands for general use (HO)
) (/home/andrea/.miktex/texmfs/install/tex/latex/kvsetkeys/kvsetkeys.sty
Package: kvsetkeys 2022-10-05 v1.19 Key value parser (HO)
)) (/home/andrea/.miktex/texmfs/install/tex/generic/pdftexcmds/pdftexcmds.sty
Package: pdftexcmds 2020-06-27 v0.33 Utility functions of pdfTeX for LuaTeX (HO)
 (/home/andrea/.miktex/texmfs/install/tex/generic/iftex/iftex.sty
Package: iftex 2022/02/03 v1.0f TeX engine tests
)
Package pdftexcmds Info: \pdf@primitive is available.
Package pdftexcmds Info: \pdf@ifprimitive is available.
Package pdftexcmds Info: \pdfdraftmode found.
)
Package epstopdf-base Info: Redefining graphics rule for `.eps' on input line 485.
Package grfext Info: Graphics extension search list:
(grfext)             [.pdf,.png,.jpg,.mps,.jpeg,.jbig2,.jb2,.PDF,.PNG,.JPG,.JPEG,.JBIG2,.JB2,.eps]
(grfext)             \AppendGraphicsExtensions on input line 504.
 (/home/andrea/.miktex/texmfs/install/tex/latex/00miktex/epstopdf-sys.cfg
File: epstopdf-sys.cfg 2021/03/18 v2.0 Configuration of epstopdf for MiKTeX
))

Package pgfplots Warning: running in backwards compatibility mode (unsuitable tick labels; missing features). Consider writing \pgfplotsset{compat=1.18} into your preamble.
 on input line 10.

LaTeX Font Info:    Trying to load font information for U+msa on input line 13.
(/home/andrea/.miktex/texmfs/install/tex/latex/amsfonts/umsa.fd
File: umsa.fd 2013/01/14 v3.01 AMS symbols A
)
LaTeX Font Info:    Trying to load font information for U+msb on input line 13.
 (/home/andrea/.miktex/texmfs/install/tex/latex/amsfonts/umsb.fd
File: umsb.fd 2013/01/14 v3.01 AMS symbols B
)

[1

{/home/andrea/.miktex/texmfs/data/fonts/map/pdftex/pdftex.map}]

[2]
Underfull \hbox (badness 10000) in paragraph at lines 130--132

 []



[3]

LaTeX Warning: Command \textasteriskcentered invalid in math mode on input line 188.


LaTeX Warning: Command \textasteriskcentered invalid in math mode on input line 188.


LaTeX Warning: Command \textasteriskcentered invalid in math mode on input line 194.


LaTeX Warning: Command \textasteriskcentered invalid in math mode on input line 194.


Underfull \hbox (badness 10000) in paragraph at lines 195--197

 []


Underfull \hbox (badness 10000) in paragraph at lines 202--204

 []


LaTeX Warning: Command \textasteriskcentered invalid in math mode on input line 212.


LaTeX Warning: Command \textasteriskcentered invalid in math mode on input line 212.


LaTeX Warning: Command \textasteriskcentered invalid in math mode on input line 213.


LaTeX Warning: Command \textasteriskcentered invalid in math mode on input line 213.


LaTeX Warning: Command \textasteriskcentered invalid in math mode on input line 215.


LaTeX Warning: Command \textasteriskcentered invalid in math mode on input line 215.


LaTeX Warning: Command \textasteriskcentered invalid in math mode on input line 215.


LaTeX Warning: Command \textasteriskcentered invalid in math mode on input line 215.


LaTeX Warning: Command \textasteriskcentered invalid in math mode on input line 220.


LaTeX Warning: Command \textasteriskcentered invalid in math mode on input line 220.


LaTeX Warning: Command \textasteriskcentered invalid in math mode on input line 224.


LaTeX Warning: Command \textasteriskcentered invalid in math mode on input line 224.


LaTeX Warning: Command \textasteriskcentered invalid in math mode on input line 224.


LaTeX Warning: Command \textasteriskcentered invalid in math mode on input line 224.


LaTeX Warning: Command \textasteriskcentered invalid in math mode on input line 226.


LaTeX Warning: Command \textasteriskcentered invalid in math mode on input line 226.


LaTeX Warning: Command \textasteriskcentered invalid in math mode on input line 227.


LaTeX Warning: Command \textasteriskcentered invalid in math mode on input line 227.


LaTeX Warning: Command \textasteriskcentered invalid in math mode on input line 227.


LaTeX Warning: Command \textasteriskcentered invalid in math mode on input line 227.


LaTeX Warning: Command \textasteriskcentered invalid in math mode on input line 228.


LaTeX Warning: Command \textasteriskcentered invalid in math mode on input line 228.


LaTeX Warning: Command \textasteriskcentered invalid in math mode on input line 228.


LaTeX Warning: Command \textasteriskcentered invalid in math mode on input line 228.


LaTeX Warning: Command \textasteriskcentered invalid in math mode on input line 229.


LaTeX Warning: Command \textasteriskcentered invalid in math mode on input line 229.


LaTeX Warning: Command \textasteriskcentered invalid in math mode on input line 230.


LaTeX Warning: Command \textasteriskcentered invalid in math mode on input line 230.


LaTeX Warning: Command \textasteriskcentered invalid in math mode on input line 236.


LaTeX Warning: Command \textasteriskcentered invalid in math mode on input line 236.


LaTeX Warning: Command \textasteriskcentered invalid in math mode on input line 238.


LaTeX Warning: Command \textasteriskcentered invalid in math mode on input line 238.


LaTeX Warning: Command \textasteriskcentered invalid in math mode on input line 239.


LaTeX Warning: Command \textasteriskcentered invalid in math mode on input line 239.


LaTeX Warning: Command \textasteriskcentered invalid in math mode on input line 240.


LaTeX Warning: Command \textasteriskcentered invalid in math mode on input line 240.


LaTeX Warning: Command \textasteriskcentered invalid in math mode on input line 241.


LaTeX Warning: Command \textasteriskcentered invalid in math mode on input line 241.


LaTeX Warning: Command \textasteriskcentered invalid in math mode on input line 242.


LaTeX Warning: Command \textasteriskcentered invalid in math mode on input line 242.



[4]

LaTeX Warning: Command \textasteriskcentered invalid in math mode on input line 251.


LaTeX Warning: Command \textasteriskcentered invalid in math mode on input line 251.


LaTeX Warning: Command \textasteriskcentered invalid in math mode on input line 251.


LaTeX Warning: Command \textasteriskcentered invalid in math mode on input line 251.


LaTeX Warning: Command \textasteriskcentered invalid in math mode on input line 254.


LaTeX Warning: Command \textasteriskcentered invalid in math mode on input line 254.


LaTeX Warning: Command \textasteriskcentered invalid in math mode on input line 254.


LaTeX Warning: Command \textasteriskcentered invalid in math mode on input line 254.


LaTeX Warning: Command \textasteriskcentered invalid in math mode on input line 258.


LaTeX Warning: Command \textasteriskcentered invalid in math mode on input line 258.


LaTeX Warning: Command \textasteriskcentered invalid in math mode on input line 258.


LaTeX Warning: Command \textasteriskcentered invalid in math mode on input line 258.


LaTeX Warning: Command \textasteriskcentered invalid in math mode on input line 261.


LaTeX Warning: Command \textasteriskcentered invalid in math mode on input line 261.


LaTeX Warning: Command \textasteriskcentered invalid in math mode on input line 261.


LaTeX Warning: Command \textasteriskcentered invalid in math mode on input line 261.



[5]
Underfull \hbox (badness 10000) in paragraph at lines 322--323

 []


LaTeX Warning: Command \textasteriskcentered invalid in math mode on input line 340.


LaTeX Warning: Command \textasteriskcentered invalid in math mode on input line 340.



[6]

[7]

[8]

[9]

[10]

[11]

[12]

[13] (gal.aux)
 ***********
LaTeX2e <2024-06-01> patch level 2
L3 programming layer <2024-08-30>
 ***********
 ) 
Here is how much of TeX's memory you used:
 23814 strings out of 473900
 618193 string characters out of 5730785
 1114242 words of memory out of 5000000
 46303 multiletter control sequences out of 15000+600000
 562586 words of font info for 53 fonts, out of 8000000 for 9000
 1141 hyphenation exceptions out of 8191
 102i,9n,107p,771b,642s stack positions out of 10000i,1000n,20000p,200000b,200000s
 </home/andrea/.miktex/texmfs/data/fonts/pk/ljfour/jknappen/ec/dpi600/tcrm1000.pk></home/andrea/.miktex/texmfs/install/fonts/type1/public/amsfonts/cm/cmbx10.pfb></home/andrea/.miktex/texmfs/install/fonts/type1/public/amsfonts/cm/cmbx12.pfb></home/andrea/.miktex/texmfs/install/fonts/type1/public/amsfonts/cm/cmex10.pfb></home/andrea/.miktex/texmfs/install/fonts/type1/public/amsfonts/cm/cmmi10.pfb></home/andrea/.miktex/texmfs/install/fonts/type1/public/amsfonts/cm/cmmi7.pfb></home/andrea/.miktex/texmfs/install/fonts/type1/public/amsfonts/cm/cmr10.pfb></home/andrea/.miktex/texmfs/install/fonts/type1/public/amsfonts/cm/cmr7.pfb></home/andrea/.miktex/texmfs/install/fonts/type1/public/amsfonts/cm/cmsy10.pfb></home/andrea/.miktex/texmfs/install/fonts/type1/public/amsfonts/cm/cmsy7.pfb></home/andrea/.miktex/texmfs/install/fonts/type1/public/amsfonts/cm/cmti10.pfb></home/andrea/.miktex/texmfs/install/fonts/type1/public/amsfonts/symbols/msbm10.pfb>
Output written on gal.pdf (13 pages, 181256 bytes).
PDF statistics:
 109 PDF objects out of 1000 (max. 8388607)
 0 named destinations out of 1000 (max. 500000)
 13 words of extra memory for PDF output out of 10000 (max. 10000000)

